<?xml version="1.0" encoding="UTF-8"?>
<testsuite name="inhatc.spring.shop.repository.ItemRepositoryTest" tests="1" skipped="0" failures="0" errors="0" timestamp="2023-09-19T03:26:49" hostname="4-406-27" time="0.56">
  <properties/>
  <testcase name="Querydsl 테스트" classname="inhatc.spring.shop.repository.ItemRepositoryTest" time="0.56"/>
  <system-out><![CDATA[12:26:46.554 [Test worker] INFO org.springframework.test.context.support.AnnotationConfigContextLoaderUtils -- Could not detect default configuration classes for test class [inhatc.spring.shop.repository.ItemRepositoryTest]: ItemRepositoryTest does not declare any static, non-private, non-final, nested classes annotated with @Configuration.
12:26:46.630 [Test worker] INFO org.springframework.boot.test.context.SpringBootTestContextBootstrapper -- Found @SpringBootConfiguration inhatc.spring.shop.ShopApplication for test class inhatc.spring.shop.repository.ItemRepositoryTest

  .   ____          _            __ _ _
 /\\ / ___'_ __ _ _(_)_ __  __ _ \ \ \ \
( ( )\___ | '_ | '_| | '_ \/ _` | \ \ \ \
 \\/  ___)| |_)| | | | | || (_| |  ) ) ) )
  '  |____| .__|_| |_|_| |_\__, | / / / /
 =========|_|==============|___/=/_/_/_/
 :: Spring Boot ::                (v3.1.3)

2023-09-19T12:26:46.924+09:00  INFO 9224 --- [    Test worker] i.s.shop.repository.ItemRepositoryTest   : Starting ItemRepositoryTest using Java 17.0.8 with PID 9224 (started by PC in D:\Spring_WS\A_Ban\shop)
2023-09-19T12:26:46.925+09:00  INFO 9224 --- [    Test worker] i.s.shop.repository.ItemRepositoryTest   : No active profile set, falling back to 1 default profile: "default"
2023-09-19T12:26:47.348+09:00  INFO 9224 --- [    Test worker] .s.d.r.c.RepositoryConfigurationDelegate : Bootstrapping Spring Data JPA repositories in DEFAULT mode.
2023-09-19T12:26:47.388+09:00  INFO 9224 --- [    Test worker] .s.d.r.c.RepositoryConfigurationDelegate : Finished Spring Data repository scanning in 33 ms. Found 1 JPA repository interfaces.
2023-09-19T12:26:47.674+09:00  INFO 9224 --- [    Test worker] o.hibernate.jpa.internal.util.LogHelper  : HHH000204: Processing PersistenceUnitInfo [name: default]
2023-09-19T12:26:47.713+09:00  INFO 9224 --- [    Test worker] org.hibernate.Version                    : HHH000412: Hibernate ORM core version 6.2.7.Final
2023-09-19T12:26:47.715+09:00  INFO 9224 --- [    Test worker] org.hibernate.cfg.Environment            : HHH000406: Using bytecode reflection optimizer
2023-09-19T12:26:47.809+09:00  INFO 9224 --- [    Test worker] o.h.b.i.BytecodeProviderInitiator        : HHH000021: Bytecode provider name : bytebuddy
2023-09-19T12:26:47.905+09:00  INFO 9224 --- [    Test worker] o.s.o.j.p.SpringPersistenceUnitInfo      : No LoadTimeWeaver setup: ignoring JPA class transformer
2023-09-19T12:26:47.920+09:00  INFO 9224 --- [    Test worker] com.zaxxer.hikari.HikariDataSource       : HikariPool-1 - Starting...
2023-09-19T12:26:48.041+09:00  INFO 9224 --- [    Test worker] com.zaxxer.hikari.pool.HikariPool        : HikariPool-1 - Added connection com.mysql.cj.jdbc.ConnectionImpl@c11332b
2023-09-19T12:26:48.043+09:00  INFO 9224 --- [    Test worker] com.zaxxer.hikari.HikariDataSource       : HikariPool-1 - Start completed.
2023-09-19T12:26:48.071+09:00  WARN 9224 --- [    Test worker] org.hibernate.orm.deprecation            : HHH90000026: MySQL8Dialect has been deprecated; use org.hibernate.dialect.MySQLDialect instead
2023-09-19T12:26:48.087+09:00 DEBUG 9224 --- [    Test worker] o.h.t.d.sql.spi.DdlTypeRegistry          : addDescriptor(12, org.hibernate.type.descriptor.sql.internal.CapacityDependentDdlType@7ce30c0b) replaced previous registration(org.hibernate.type.descriptor.sql.internal.CapacityDependentDdlType@1d7f2f0a)
2023-09-19T12:26:48.088+09:00 DEBUG 9224 --- [    Test worker] o.h.t.d.sql.spi.DdlTypeRegistry          : addDescriptor(-9, org.hibernate.type.descriptor.sql.internal.CapacityDependentDdlType@54defd69) replaced previous registration(org.hibernate.type.descriptor.sql.internal.CapacityDependentDdlType@531a716c)
2023-09-19T12:26:48.088+09:00 DEBUG 9224 --- [    Test worker] o.h.t.d.sql.spi.DdlTypeRegistry          : addDescriptor(-3, org.hibernate.type.descriptor.sql.internal.CapacityDependentDdlType@377dbc50) replaced previous registration(org.hibernate.type.descriptor.sql.internal.CapacityDependentDdlType@531ec2ca)
2023-09-19T12:26:48.088+09:00 DEBUG 9224 --- [    Test worker] o.h.t.d.sql.spi.DdlTypeRegistry          : addDescriptor(4003, org.hibernate.type.descriptor.sql.internal.DdlTypeImpl@70884875) replaced previous registration(org.hibernate.type.descriptor.sql.internal.DdlTypeImpl@7019d619)
2023-09-19T12:26:48.088+09:00 DEBUG 9224 --- [    Test worker] o.h.t.d.sql.spi.DdlTypeRegistry          : addDescriptor(4001, org.hibernate.type.descriptor.sql.internal.DdlTypeImpl@2a5c6b76) replaced previous registration(org.hibernate.type.descriptor.sql.internal.DdlTypeImpl@ff1f465)
2023-09-19T12:26:48.089+09:00 DEBUG 9224 --- [    Test worker] o.h.t.d.sql.spi.DdlTypeRegistry          : addDescriptor(4002, org.hibernate.type.descriptor.sql.internal.DdlTypeImpl@3d88ce0e) replaced previous registration(org.hibernate.type.descriptor.sql.internal.DdlTypeImpl@31f7eb8)
2023-09-19T12:26:48.089+09:00 DEBUG 9224 --- [    Test worker] o.h.t.d.sql.spi.DdlTypeRegistry          : addDescriptor(2004, org.hibernate.type.descriptor.sql.internal.CapacityDependentDdlType@4ad1a276) replaced previous registration(org.hibernate.type.descriptor.sql.internal.DdlTypeImpl@4a833595)
2023-09-19T12:26:48.089+09:00 DEBUG 9224 --- [    Test worker] o.h.t.d.sql.spi.DdlTypeRegistry          : addDescriptor(2005, org.hibernate.type.descriptor.sql.internal.CapacityDependentDdlType@31006a75) replaced previous registration(org.hibernate.type.descriptor.sql.internal.DdlTypeImpl@49122853)
2023-09-19T12:26:48.090+09:00 DEBUG 9224 --- [    Test worker] o.h.t.d.sql.spi.DdlTypeRegistry          : addDescriptor(2011, org.hibernate.type.descriptor.sql.internal.CapacityDependentDdlType@e97f115) replaced previous registration(org.hibernate.type.descriptor.sql.internal.DdlTypeImpl@5d6b42cf)
2023-09-19T12:26:48.200+09:00  INFO 9224 --- [    Test worker] o.h.b.i.BytecodeProviderInitiator        : HHH000021: Bytecode provider name : bytebuddy
2023-09-19T12:26:48.590+09:00  INFO 9224 --- [    Test worker] o.h.e.t.j.p.i.JtaPlatformInitiator       : HHH000490: Using JtaPlatform implementation: [org.hibernate.engine.transaction.jta.platform.internal.NoJtaPlatform]
Hibernate: drop table if exists item
Hibernate: drop table if exists user
Hibernate: create table item (price integer not null, stock_number integer not null, item_id bigint not null auto_increment, reg_time datetime(6), update_time datetime(6), item_nm varchar(50) not null, item_sell_status enum ('Sell','Sold_OUT'), item_detail tinytext not null, primary key (item_id)) engine=InnoDB
Hibernate: create table user (age integer not null, user_id bigint not null auto_increment, name varchar(30), primary key (user_id)) engine=InnoDB
2023-09-19T12:26:48.661+09:00  INFO 9224 --- [    Test worker] j.LocalContainerEntityManagerFactoryBean : Initialized JPA EntityManagerFactory for persistence unit 'default'
2023-09-19T12:26:49.062+09:00  INFO 9224 --- [    Test worker] o.s.d.j.r.query.QueryEnhancerFactory     : Hibernate is in classpath; If applicable, HQL parser will be used.
2023-09-19T12:26:49.548+09:00  INFO 9224 --- [    Test worker] i.s.shop.repository.ItemRepositoryTest   : Started ItemRepositoryTest in 2.8 seconds (process running for 3.695)
Hibernate: insert into item (item_detail,item_nm,item_sell_status,price,reg_time,stock_number,update_time) values (?,?,?,?,?,?,?)
Hibernate: insert into item (item_detail,item_nm,item_sell_status,price,reg_time,stock_number,update_time) values (?,?,?,?,?,?,?)
Hibernate: insert into item (item_detail,item_nm,item_sell_status,price,reg_time,stock_number,update_time) values (?,?,?,?,?,?,?)
Hibernate: insert into item (item_detail,item_nm,item_sell_status,price,reg_time,stock_number,update_time) values (?,?,?,?,?,?,?)
Hibernate: insert into item (item_detail,item_nm,item_sell_status,price,reg_time,stock_number,update_time) values (?,?,?,?,?,?,?)
Hibernate: insert into item (item_detail,item_nm,item_sell_status,price,reg_time,stock_number,update_time) values (?,?,?,?,?,?,?)
Hibernate: insert into item (item_detail,item_nm,item_sell_status,price,reg_time,stock_number,update_time) values (?,?,?,?,?,?,?)
Hibernate: insert into item (item_detail,item_nm,item_sell_status,price,reg_time,stock_number,update_time) values (?,?,?,?,?,?,?)
Hibernate: insert into item (item_detail,item_nm,item_sell_status,price,reg_time,stock_number,update_time) values (?,?,?,?,?,?,?)
Hibernate: insert into item (item_detail,item_nm,item_sell_status,price,reg_time,stock_number,update_time) values (?,?,?,?,?,?,?)
Hibernate: select i1_0.item_id,i1_0.item_detail,i1_0.item_nm,i1_0.item_sell_status,i1_0.price,i1_0.reg_time,i1_0.stock_number,i1_0.update_time from item i1_0 where i1_0.item_sell_status=? and i1_0.item_detail like ? escape '!' order by i1_0.price desc
Item(id=10, itemNm=테스트 상품10, price=10010, stockNumber=110, itemDetail=테스트 상품에 대한 상세설명10, itemSellStatus=Sell, regTime=2023-09-19T12:26:49.978199300, updateTime=2023-09-19T12:26:49.978199300)
Item(id=1, itemNm=테스트 상품1, price=10001, stockNumber=101, itemDetail=테스트 상품에 대한 상세설명1, itemSellStatus=Sell, regTime=2023-09-19T12:26:49.923375800, updateTime=2023-09-19T12:26:49.923375800)
]]></system-out>
  <system-err><![CDATA[]]></system-err>
</testsuite>
